2024-02-29 00:00:46,743 [Worker-6: Loading available Gradle versions] INFO  o.e.b.c.i.u.g.PublishedGradleVersions - Gradle version information cache is out-of-date. Trying to update.
2024-03-01 17:36:23,877 [Worker-4: Loading available Gradle versions] INFO  o.e.b.c.i.u.g.PublishedGradleVersions - Gradle version information cache is out-of-date. Trying to update.
2024-03-01 22:09:59,026 [Worker-6: Loading available Gradle versions] INFO  o.e.b.c.i.u.g.PublishedGradleVersions - Gradle version information cache is up-to-date. Trying to read.
2024-03-02 06:12:52,465 [Worker-4: Loading available Gradle versions] INFO  o.e.b.c.i.u.g.PublishedGradleVersions - Gradle version information cache is up-to-date. Trying to read.
2024-03-02 07:39:57,563 [ModalContext] INFO  o.e.m.c.i.e.AbstractTransferListenerAdapter - Downloading https://repo.maven.apache.org/maven2/org/apache/maven/archetypes/maven-archetype-quickstart/1.1/maven-archetype-quickstart-1.1.pom
2024-03-02 07:39:57,568 [ModalContext] INFO  o.e.m.c.i.e.AbstractTransferListenerAdapter - Downloaded https://repo.maven.apache.org/maven2/org/apache/maven/archetypes/maven-archetype-quickstart/1.1/maven-archetype-quickstart-1.1.pom
2024-03-02 07:39:57,642 [ModalContext] INFO  o.e.m.c.i.e.AbstractTransferListenerAdapter - Downloading https://repo.maven.apache.org/maven2/org/apache/maven/archetypes/maven-archetype-bundles/4/maven-archetype-bundles-4.pom
2024-03-02 07:39:57,645 [ModalContext] INFO  o.e.m.c.i.e.AbstractTransferListenerAdapter - Downloaded https://repo.maven.apache.org/maven2/org/apache/maven/archetypes/maven-archetype-bundles/4/maven-archetype-bundles-4.pom
2024-03-02 07:39:57,682 [ModalContext] INFO  o.e.m.c.i.e.AbstractTransferListenerAdapter - Downloading https://repo.maven.apache.org/maven2/org/apache/maven/archetype/maven-archetype/2.0-alpha-5/maven-archetype-2.0-alpha-5.pom
2024-03-02 07:39:57,685 [ModalContext] INFO  o.e.m.c.i.e.AbstractTransferListenerAdapter - Downloaded https://repo.maven.apache.org/maven2/org/apache/maven/archetype/maven-archetype/2.0-alpha-5/maven-archetype-2.0-alpha-5.pom
2024-03-02 07:39:57,730 [ModalContext] INFO  o.e.m.c.i.e.AbstractTransferListenerAdapter - Downloading https://repo.maven.apache.org/maven2/org/apache/maven/archetypes/maven-archetype-quickstart/1.1/maven-archetype-quickstart-1.1.jar
2024-03-02 07:39:57,733 [ModalContext] INFO  o.e.m.c.i.e.AbstractTransferListenerAdapter - Downloaded https://repo.maven.apache.org/maven2/org/apache/maven/archetypes/maven-archetype-quickstart/1.1/maven-archetype-quickstart-1.1.jar
2024-03-02 07:40:35,911 [Worker-63: Launching mavenrun-153b96df-7be2-43ff-8852-6d7ca423e7c7] INFO  o.eclipse.m2e.core.internal.Bundles - getClasspathEntries(Bundle=org.eclipse.m2e.maven.runtime_3.9.500.20231113-2345 [628])
2024-03-02 07:40:35,913 [Worker-63: Launching mavenrun-153b96df-7be2-43ff-8852-6d7ca423e7c7] INFO  o.eclipse.m2e.core.internal.Bundles - 	Entry: C:\Users\Admin\.p2\pool\plugins\org.eclipse.m2e.maven.runtime_3.9.500.20231113-2345
2024-03-02 07:40:35,913 [Worker-63: Launching mavenrun-153b96df-7be2-43ff-8852-6d7ca423e7c7] INFO  o.eclipse.m2e.core.internal.Bundles - 	Entry: C:\Users\Admin\.p2\pool\plugins\org.eclipse.m2e.maven.runtime_3.9.500.20231113-2345\jars\aopalliance-1.0.jar
2024-03-02 07:40:35,913 [Worker-63: Launching mavenrun-153b96df-7be2-43ff-8852-6d7ca423e7c7] INFO  o.eclipse.m2e.core.internal.Bundles - 	Entry: C:\Users\Admin\.p2\pool\plugins\org.eclipse.m2e.maven.runtime_3.9.500.20231113-2345\jars\guice-5.1.0.jar
2024-03-02 07:40:35,913 [Worker-63: Launching mavenrun-153b96df-7be2-43ff-8852-6d7ca423e7c7] INFO  o.eclipse.m2e.core.internal.Bundles - 	Entry: C:\Users\Admin\.p2\pool\plugins\org.eclipse.m2e.maven.runtime_3.9.500.20231113-2345\jars\httpclient-4.5.14.jar
2024-03-02 07:40:35,913 [Worker-63: Launching mavenrun-153b96df-7be2-43ff-8852-6d7ca423e7c7] INFO  o.eclipse.m2e.core.internal.Bundles - 	Entry: C:\Users\Admin\.p2\pool\plugins\org.eclipse.m2e.maven.runtime_3.9.500.20231113-2345\jars\httpcore-4.4.16.jar
2024-03-02 07:40:35,913 [Worker-63: Launching mavenrun-153b96df-7be2-43ff-8852-6d7ca423e7c7] INFO  o.eclipse.m2e.core.internal.Bundles - 	Entry: C:\Users\Admin\.p2\pool\plugins\org.eclipse.m2e.maven.runtime_3.9.500.20231113-2345\jars\jansi-2.4.0.jar
2024-03-02 07:40:35,913 [Worker-63: Launching mavenrun-153b96df-7be2-43ff-8852-6d7ca423e7c7] INFO  o.eclipse.m2e.core.internal.Bundles - 	Entry: C:\Users\Admin\.p2\pool\plugins\org.eclipse.m2e.maven.runtime_3.9.500.20231113-2345\jars\jcl-over-slf4j-1.7.36.jar
2024-03-02 07:40:35,913 [Worker-63: Launching mavenrun-153b96df-7be2-43ff-8852-6d7ca423e7c7] INFO  o.eclipse.m2e.core.internal.Bundles - 	Entry: C:\Users\Admin\.p2\pool\plugins\org.eclipse.m2e.maven.runtime_3.9.500.20231113-2345\jars\maven-artifact-3.9.5.jar
2024-03-02 07:40:35,913 [Worker-63: Launching mavenrun-153b96df-7be2-43ff-8852-6d7ca423e7c7] INFO  o.eclipse.m2e.core.internal.Bundles - 	Entry: C:\Users\Admin\.p2\pool\plugins\org.eclipse.m2e.maven.runtime_3.9.500.20231113-2345\jars\maven-builder-support-3.9.5.jar
2024-03-02 07:40:35,913 [Worker-63: Launching mavenrun-153b96df-7be2-43ff-8852-6d7ca423e7c7] INFO  o.eclipse.m2e.core.internal.Bundles - 	Entry: C:\Users\Admin\.p2\pool\plugins\org.eclipse.m2e.maven.runtime_3.9.500.20231113-2345\jars\maven-compat-3.9.5.jar
2024-03-02 07:40:35,913 [Worker-63: Launching mavenrun-153b96df-7be2-43ff-8852-6d7ca423e7c7] INFO  o.eclipse.m2e.core.internal.Bundles - 	Entry: C:\Users\Admin\.p2\pool\plugins\org.eclipse.m2e.maven.runtime_3.9.500.20231113-2345\jars\maven-core-3.9.5.jar
2024-03-02 07:40:35,913 [Worker-63: Launching mavenrun-153b96df-7be2-43ff-8852-6d7ca423e7c7] INFO  o.eclipse.m2e.core.internal.Bundles - 	Entry: C:\Users\Admin\.p2\pool\plugins\org.eclipse.m2e.maven.runtime_3.9.500.20231113-2345\jars\maven-embedder-3.9.5.jar
2024-03-02 07:40:35,913 [Worker-63: Launching mavenrun-153b96df-7be2-43ff-8852-6d7ca423e7c7] INFO  o.eclipse.m2e.core.internal.Bundles - 	Entry: C:\Users\Admin\.p2\pool\plugins\org.eclipse.m2e.maven.runtime_3.9.500.20231113-2345\jars\maven-model-3.9.5.jar
2024-03-02 07:40:35,914 [Worker-63: Launching mavenrun-153b96df-7be2-43ff-8852-6d7ca423e7c7] INFO  o.eclipse.m2e.core.internal.Bundles - 	Entry: C:\Users\Admin\.p2\pool\plugins\org.eclipse.m2e.maven.runtime_3.9.500.20231113-2345\jars\maven-model-builder-3.9.5.jar
2024-03-02 07:40:35,914 [Worker-63: Launching mavenrun-153b96df-7be2-43ff-8852-6d7ca423e7c7] INFO  o.eclipse.m2e.core.internal.Bundles - 	Entry: C:\Users\Admin\.p2\pool\plugins\org.eclipse.m2e.maven.runtime_3.9.500.20231113-2345\jars\maven-plugin-api-3.9.5.jar
2024-03-02 07:40:35,914 [Worker-63: Launching mavenrun-153b96df-7be2-43ff-8852-6d7ca423e7c7] INFO  o.eclipse.m2e.core.internal.Bundles - 	Entry: C:\Users\Admin\.p2\pool\plugins\org.eclipse.m2e.maven.runtime_3.9.500.20231113-2345\jars\maven-repository-metadata-3.9.5.jar
2024-03-02 07:40:35,914 [Worker-63: Launching mavenrun-153b96df-7be2-43ff-8852-6d7ca423e7c7] INFO  o.eclipse.m2e.core.internal.Bundles - 	Entry: C:\Users\Admin\.p2\pool\plugins\org.eclipse.m2e.maven.runtime_3.9.500.20231113-2345\jars\maven-resolver-api-1.9.16.jar
2024-03-02 07:40:35,914 [Worker-63: Launching mavenrun-153b96df-7be2-43ff-8852-6d7ca423e7c7] INFO  o.eclipse.m2e.core.internal.Bundles - 	Entry: C:\Users\Admin\.p2\pool\plugins\org.eclipse.m2e.maven.runtime_3.9.500.20231113-2345\jars\maven-resolver-connector-basic-1.9.16.jar
2024-03-02 07:40:35,914 [Worker-63: Launching mavenrun-153b96df-7be2-43ff-8852-6d7ca423e7c7] INFO  o.eclipse.m2e.core.internal.Bundles - 	Entry: C:\Users\Admin\.p2\pool\plugins\org.eclipse.m2e.maven.runtime_3.9.500.20231113-2345\jars\maven-resolver-impl-1.9.16.jar
2024-03-02 07:40:35,914 [Worker-63: Launching mavenrun-153b96df-7be2-43ff-8852-6d7ca423e7c7] INFO  o.eclipse.m2e.core.internal.Bundles - 	Entry: C:\Users\Admin\.p2\pool\plugins\org.eclipse.m2e.maven.runtime_3.9.500.20231113-2345\jars\maven-resolver-named-locks-1.9.16.jar
2024-03-02 07:40:35,914 [Worker-63: Launching mavenrun-153b96df-7be2-43ff-8852-6d7ca423e7c7] INFO  o.eclipse.m2e.core.internal.Bundles - 	Entry: C:\Users\Admin\.p2\pool\plugins\org.eclipse.m2e.maven.runtime_3.9.500.20231113-2345\jars\maven-resolver-provider-3.9.5.jar
2024-03-02 07:40:35,914 [Worker-63: Launching mavenrun-153b96df-7be2-43ff-8852-6d7ca423e7c7] INFO  o.eclipse.m2e.core.internal.Bundles - 	Entry: C:\Users\Admin\.p2\pool\plugins\org.eclipse.m2e.maven.runtime_3.9.500.20231113-2345\jars\maven-resolver-spi-1.9.16.jar
2024-03-02 07:40:35,914 [Worker-63: Launching mavenrun-153b96df-7be2-43ff-8852-6d7ca423e7c7] INFO  o.eclipse.m2e.core.internal.Bundles - 	Entry: C:\Users\Admin\.p2\pool\plugins\org.eclipse.m2e.maven.runtime_3.9.500.20231113-2345\jars\maven-resolver-transport-file-1.9.16.jar
2024-03-02 07:40:35,914 [Worker-63: Launching mavenrun-153b96df-7be2-43ff-8852-6d7ca423e7c7] INFO  o.eclipse.m2e.core.internal.Bundles - 	Entry: C:\Users\Admin\.p2\pool\plugins\org.eclipse.m2e.maven.runtime_3.9.500.20231113-2345\jars\maven-resolver-transport-http-1.9.16.jar
2024-03-02 07:40:35,914 [Worker-63: Launching mavenrun-153b96df-7be2-43ff-8852-6d7ca423e7c7] INFO  o.eclipse.m2e.core.internal.Bundles - 	Entry: C:\Users\Admin\.p2\pool\plugins\org.eclipse.m2e.maven.runtime_3.9.500.20231113-2345\jars\maven-resolver-transport-wagon-1.9.16.jar
2024-03-02 07:40:35,914 [Worker-63: Launching mavenrun-153b96df-7be2-43ff-8852-6d7ca423e7c7] INFO  o.eclipse.m2e.core.internal.Bundles - 	Entry: C:\Users\Admin\.p2\pool\plugins\org.eclipse.m2e.maven.runtime_3.9.500.20231113-2345\jars\maven-resolver-util-1.9.16.jar
2024-03-02 07:40:35,914 [Worker-63: Launching mavenrun-153b96df-7be2-43ff-8852-6d7ca423e7c7] INFO  o.eclipse.m2e.core.internal.Bundles - 	Entry: C:\Users\Admin\.p2\pool\plugins\org.eclipse.m2e.maven.runtime_3.9.500.20231113-2345\jars\maven-settings-3.9.5.jar
2024-03-02 07:40:35,914 [Worker-63: Launching mavenrun-153b96df-7be2-43ff-8852-6d7ca423e7c7] INFO  o.eclipse.m2e.core.internal.Bundles - 	Entry: C:\Users\Admin\.p2\pool\plugins\org.eclipse.m2e.maven.runtime_3.9.500.20231113-2345\jars\maven-settings-builder-3.9.5.jar
2024-03-02 07:40:35,914 [Worker-63: Launching mavenrun-153b96df-7be2-43ff-8852-6d7ca423e7c7] INFO  o.eclipse.m2e.core.internal.Bundles - 	Entry: C:\Users\Admin\.p2\pool\plugins\org.eclipse.m2e.maven.runtime_3.9.500.20231113-2345\jars\maven-shared-utils-3.3.4.jar
2024-03-02 07:40:35,915 [Worker-63: Launching mavenrun-153b96df-7be2-43ff-8852-6d7ca423e7c7] INFO  o.eclipse.m2e.core.internal.Bundles - 	Entry: C:\Users\Admin\.p2\pool\plugins\org.eclipse.m2e.maven.runtime_3.9.500.20231113-2345\jars\org.eclipse.sisu.inject-0.3.5.jar
2024-03-02 07:40:35,915 [Worker-63: Launching mavenrun-153b96df-7be2-43ff-8852-6d7ca423e7c7] INFO  o.eclipse.m2e.core.internal.Bundles - 	Entry: C:\Users\Admin\.p2\pool\plugins\org.eclipse.m2e.maven.runtime_3.9.500.20231113-2345\jars\org.eclipse.sisu.plexus-0.3.5.jar
2024-03-02 07:40:35,915 [Worker-63: Launching mavenrun-153b96df-7be2-43ff-8852-6d7ca423e7c7] INFO  o.eclipse.m2e.core.internal.Bundles - 	Entry: C:\Users\Admin\.p2\pool\plugins\org.eclipse.m2e.maven.runtime_3.9.500.20231113-2345\jars\plexus-build-api-0.0.7.jar
2024-03-02 07:40:35,915 [Worker-63: Launching mavenrun-153b96df-7be2-43ff-8852-6d7ca423e7c7] INFO  o.eclipse.m2e.core.internal.Bundles - 	Entry: C:\Users\Admin\.p2\pool\plugins\org.eclipse.m2e.maven.runtime_3.9.500.20231113-2345\jars\plexus-cipher-2.0.jar
2024-03-02 07:40:35,915 [Worker-63: Launching mavenrun-153b96df-7be2-43ff-8852-6d7ca423e7c7] INFO  o.eclipse.m2e.core.internal.Bundles - 	Entry: C:\Users\Admin\.p2\pool\plugins\org.eclipse.m2e.maven.runtime_3.9.500.20231113-2345\jars\plexus-classworlds-2.7.0.jar
2024-03-02 07:40:35,915 [Worker-63: Launching mavenrun-153b96df-7be2-43ff-8852-6d7ca423e7c7] INFO  o.eclipse.m2e.core.internal.Bundles - 	Entry: C:\Users\Admin\.p2\pool\plugins\org.eclipse.m2e.maven.runtime_3.9.500.20231113-2345\jars\plexus-component-annotations-2.1.0.jar
2024-03-02 07:40:35,915 [Worker-63: Launching mavenrun-153b96df-7be2-43ff-8852-6d7ca423e7c7] INFO  o.eclipse.m2e.core.internal.Bundles - 	Entry: C:\Users\Admin\.p2\pool\plugins\org.eclipse.m2e.maven.runtime_3.9.500.20231113-2345\jars\plexus-interpolation-1.26.jar
2024-03-02 07:40:35,915 [Worker-63: Launching mavenrun-153b96df-7be2-43ff-8852-6d7ca423e7c7] INFO  o.eclipse.m2e.core.internal.Bundles - 	Entry: C:\Users\Admin\.p2\pool\plugins\org.eclipse.m2e.maven.runtime_3.9.500.20231113-2345\jars\plexus-sec-dispatcher-2.0.jar
2024-03-02 07:40:35,915 [Worker-63: Launching mavenrun-153b96df-7be2-43ff-8852-6d7ca423e7c7] INFO  o.eclipse.m2e.core.internal.Bundles - 	Entry: C:\Users\Admin\.p2\pool\plugins\org.eclipse.m2e.maven.runtime_3.9.500.20231113-2345\jars\plexus-utils-3.5.1.jar
2024-03-02 07:40:35,915 [Worker-63: Launching mavenrun-153b96df-7be2-43ff-8852-6d7ca423e7c7] INFO  o.eclipse.m2e.core.internal.Bundles - 	Entry: C:\Users\Admin\.p2\pool\plugins\org.eclipse.m2e.maven.runtime_3.9.500.20231113-2345\jars\wagon-file-3.5.3.jar
2024-03-02 07:40:35,915 [Worker-63: Launching mavenrun-153b96df-7be2-43ff-8852-6d7ca423e7c7] INFO  o.eclipse.m2e.core.internal.Bundles - 	Entry: C:\Users\Admin\.p2\pool\plugins\org.eclipse.m2e.maven.runtime_3.9.500.20231113-2345\jars\wagon-http-3.5.3.jar
2024-03-02 07:40:35,915 [Worker-63: Launching mavenrun-153b96df-7be2-43ff-8852-6d7ca423e7c7] INFO  o.eclipse.m2e.core.internal.Bundles - 	Entry: C:\Users\Admin\.p2\pool\plugins\org.eclipse.m2e.maven.runtime_3.9.500.20231113-2345\jars\wagon-http-shared-3.5.3.jar
2024-03-02 07:40:35,915 [Worker-63: Launching mavenrun-153b96df-7be2-43ff-8852-6d7ca423e7c7] INFO  o.eclipse.m2e.core.internal.Bundles - 	Entry: C:\Users\Admin\.p2\pool\plugins\org.eclipse.m2e.maven.runtime_3.9.500.20231113-2345\jars\wagon-provider-api-3.5.3.jar
2024-03-02 07:40:35,916 [Worker-63: Launching mavenrun-153b96df-7be2-43ff-8852-6d7ca423e7c7] INFO  o.eclipse.m2e.core.internal.Bundles - getClasspathEntries(Bundle=com.google.guava_32.1.3.jre [12])
2024-03-02 07:40:35,916 [Worker-63: Launching mavenrun-153b96df-7be2-43ff-8852-6d7ca423e7c7] INFO  o.eclipse.m2e.core.internal.Bundles - 	Entry: C:\Users\Admin\.p2\pool\plugins\com.google.guava_32.1.3.jre.jar
2024-03-02 07:40:35,916 [Worker-63: Launching mavenrun-153b96df-7be2-43ff-8852-6d7ca423e7c7] INFO  o.eclipse.m2e.core.internal.Bundles - getClasspathEntries(Bundle=slf4j.api_2.0.9 [988])
2024-03-02 07:40:35,916 [Worker-63: Launching mavenrun-153b96df-7be2-43ff-8852-6d7ca423e7c7] INFO  o.eclipse.m2e.core.internal.Bundles - 	Entry: C:\Users\Admin\.p2\pool\plugins\slf4j.api_2.0.9.jar
2024-03-02 07:40:35,916 [Worker-63: Launching mavenrun-153b96df-7be2-43ff-8852-6d7ca423e7c7] INFO  o.eclipse.m2e.core.internal.Bundles - getClasspathEntries(Bundle=jakarta.inject.jakarta.inject-api_1.0.5 [29])
2024-03-02 07:40:35,916 [Worker-63: Launching mavenrun-153b96df-7be2-43ff-8852-6d7ca423e7c7] INFO  o.eclipse.m2e.core.internal.Bundles - 	Entry: C:\Users\Admin\.p2\pool\plugins\jakarta.inject.jakarta.inject-api_1.0.5.jar
2024-03-02 07:40:35,916 [Worker-63: Launching mavenrun-153b96df-7be2-43ff-8852-6d7ca423e7c7] INFO  o.eclipse.m2e.core.internal.Bundles - getClasspathEntries(Bundle=jakarta.annotation-api_1.3.5 [24])
2024-03-02 07:40:35,917 [Worker-63: Launching mavenrun-153b96df-7be2-43ff-8852-6d7ca423e7c7] INFO  o.eclipse.m2e.core.internal.Bundles - 	Entry: C:\Users\Admin\.p2\pool\plugins\jakarta.annotation-api_1.3.5.jar
2024-03-02 07:40:35,917 [Worker-63: Launching mavenrun-153b96df-7be2-43ff-8852-6d7ca423e7c7] INFO  o.eclipse.m2e.core.internal.Bundles - getClasspathEntries(Bundle=org.apache.commons.cli_1.6.0 [71])
2024-03-02 07:40:35,917 [Worker-63: Launching mavenrun-153b96df-7be2-43ff-8852-6d7ca423e7c7] INFO  o.eclipse.m2e.core.internal.Bundles - 	Entry: C:\Users\Admin\.p2\pool\plugins\org.apache.commons.cli_1.6.0.jar
2024-03-02 07:40:35,917 [Worker-63: Launching mavenrun-153b96df-7be2-43ff-8852-6d7ca423e7c7] INFO  o.eclipse.m2e.core.internal.Bundles - getClasspathEntries(Bundle=org.apache.commons.commons-codec_1.16.0 [75])
2024-03-02 07:40:35,917 [Worker-63: Launching mavenrun-153b96df-7be2-43ff-8852-6d7ca423e7c7] INFO  o.eclipse.m2e.core.internal.Bundles - 	Entry: C:\Users\Admin\.p2\pool\plugins\org.apache.commons.commons-codec_1.16.0.jar
2024-03-02 07:40:35,917 [Worker-63: Launching mavenrun-153b96df-7be2-43ff-8852-6d7ca423e7c7] INFO  o.eclipse.m2e.core.internal.Bundles - getClasspathEntries(Bundle=org.apache.commons.lang3_3.13.0 [82])
2024-03-02 07:40:35,917 [Worker-63: Launching mavenrun-153b96df-7be2-43ff-8852-6d7ca423e7c7] INFO  o.eclipse.m2e.core.internal.Bundles - 	Entry: C:\Users\Admin\.p2\pool\plugins\org.apache.commons.lang3_3.13.0.jar
2024-03-02 07:40:35,917 [Worker-63: Launching mavenrun-153b96df-7be2-43ff-8852-6d7ca423e7c7] INFO  o.eclipse.m2e.core.internal.Bundles - getClasspathEntries(Bundle=com.google.guava.failureaccess_1.0.2 [13])
2024-03-02 07:40:35,917 [Worker-63: Launching mavenrun-153b96df-7be2-43ff-8852-6d7ca423e7c7] INFO  o.eclipse.m2e.core.internal.Bundles - 	Entry: C:\Users\Admin\.p2\pool\plugins\com.google.guava.failureaccess_1.0.2.jar
2024-03-02 07:40:35,921 [Worker-63: Launching mavenrun-153b96df-7be2-43ff-8852-6d7ca423e7c7] INFO  o.e.m.i.launch.MavenLaunchDelegate - Run build in "C:\Users\Admin\AppData\Local\Temp\m2e-archetypeGenerator11466249462538062160":
2024-03-02 07:40:35,925 [Worker-63: Launching mavenrun-153b96df-7be2-43ff-8852-6d7ca423e7c7] INFO  o.e.m.i.launch.MavenLaunchDelegate -  mvn  -DarchetypeGroupId=org.apache.maven.archetypes -DarchetypeArtifactId=maven-archetype-quickstart -DarchetypeVersion=1.1 -DgroupId=com.project.demoapp -DartifactId=zumba-cms -Dversion=0.0.1-SNAPSHOT -Dpackage=com.project.demoapp.zumba_cms -DoutputDirectory=C:\Users\Admin\Documents\Courses\Simplilearn_PG_FSD\Course_2_Backend_And_Database_Development\Hands_On\PhaseEndProject -Dstyle.color=always -U archetype:generate
2024-03-02 07:41:01,220 [Worker-64: Creating maven-archetype-quickstart] INFO  o.e.m.c.i.p.ProjectConfigurationManager - Collecting project info '/pom.xml' C:\Users\Admin\Documents\Courses\Simplilearn_PG_FSD\Course_2_Backend_And_Database_Development\Hands_On\PhaseEndProject\zumba-cms\pom.xml
2024-03-02 07:41:01,646 [Worker-64: Creating maven-archetype-quickstart] INFO  o.e.m.c.i.l.LifecycleMappingFactory - Using org.eclipse.m2e.jdt.JarLifecycleMapping lifecycle mapping for MavenProject: com.project.demoapp:zumba-cms:0.0.1-SNAPSHOT @ C:\Users\Admin\Documents\Courses\Simplilearn_PG_FSD\Course_2_Backend_And_Database_Development\Hands_On\PhaseEndProject\zumba-cms\pom.xml.
2024-03-02 07:41:01,957 [Worker-64: Creating maven-archetype-quickstart] INFO  o.e.m.j.i.AbstractJavaProjectConfigurator - Adding source folder /zumba-cms/src/main/java
2024-03-02 07:41:01,957 [Worker-64: Creating maven-archetype-quickstart] INFO  o.e.m.j.i.AbstractJavaProjectConfigurator - Adding resource folder /zumba-cms/src/main/resources
2024-03-02 07:41:01,968 [Worker-64: Creating maven-archetype-quickstart] INFO  o.e.m.j.i.AbstractJavaProjectConfigurator - Adding source folder /zumba-cms/src/test/java
2024-03-02 07:41:01,968 [Worker-64: Creating maven-archetype-quickstart] INFO  o.e.m.j.i.AbstractJavaProjectConfigurator - Adding resource folder /zumba-cms/src/test/resources
2024-03-02 07:41:02,080 [Worker-64: Creating maven-archetype-quickstart] INFO  o.e.m.c.i.p.ProjectConfigurationManager - Imported and configured 1 project(s) in 0 sec
2024-03-02 07:41:02,340 [Worker-66: Building] INFO  o.a.m.s.f.DefaultMavenResourcesFiltering - skip non existing resourceDirectory C:\Users\Admin\Documents\Courses\Simplilearn_PG_FSD\Course_2_Backend_And_Database_Development\Hands_On\PhaseEndProject\zumba-cms\src\main\resources
2024-03-02 07:41:02,344 [Worker-66: Building] INFO  o.a.m.s.f.DefaultMavenResourcesFiltering - skip non existing resourceDirectory C:\Users\Admin\Documents\Courses\Simplilearn_PG_FSD\Course_2_Backend_And_Database_Development\Hands_On\PhaseEndProject\zumba-cms\src\test\resources
2024-03-02 08:16:30,657 [Worker-7: Loading available Gradle versions] INFO  o.e.b.c.i.u.g.PublishedGradleVersions - Gradle version information cache is up-to-date. Trying to read.
2024-03-02 21:39:47,917 [Worker-5: Loading available Gradle versions] INFO  o.e.b.c.i.u.g.PublishedGradleVersions - Gradle version information cache is out-of-date. Trying to update.
2024-03-03 06:01:00,547 [Worker-2: Loading available Gradle versions] INFO  o.e.b.c.i.u.g.PublishedGradleVersions - Gradle version information cache is up-to-date. Trying to read.
2024-03-03 21:01:26,920 [Worker-7: Loading available Gradle versions] INFO  o.e.b.c.i.u.g.PublishedGradleVersions - Gradle version information cache is up-to-date. Trying to read.
2024-03-08 16:00:16,992 [Worker-6: Loading available Gradle versions] INFO  o.e.b.c.i.u.g.PublishedGradleVersions - Gradle version information cache is out-of-date. Trying to update.
2024-03-08 16:32:08,845 [Worker-6: Loading available Gradle versions] INFO  o.e.b.c.i.u.g.PublishedGradleVersions - Gradle version information cache is up-to-date. Trying to read.
2024-03-08 18:45:54,951 [Worker-4: Loading available Gradle versions] INFO  o.e.b.c.i.u.g.PublishedGradleVersions - Gradle version information cache is up-to-date. Trying to read.
2024-03-09 05:45:07,657 [Worker-8: Loading available Gradle versions] INFO  o.e.b.c.i.u.g.PublishedGradleVersions - Gradle version information cache is up-to-date. Trying to read.
2024-03-09 21:30:45,628 [Worker-7: Loading available Gradle versions] INFO  o.e.b.c.i.u.g.PublishedGradleVersions - Gradle version information cache is out-of-date. Trying to update.
2024-03-10 15:59:47,290 [Worker-8: Loading available Gradle versions] INFO  o.e.b.c.i.u.g.PublishedGradleVersions - Gradle version information cache is up-to-date. Trying to read.
2024-03-10 21:28:54,854 [Worker-1: Loading available Gradle versions] INFO  o.e.b.c.i.u.g.PublishedGradleVersions - Gradle version information cache is up-to-date. Trying to read.
2024-03-13 22:57:07,724 [Worker-4: Loading available Gradle versions] INFO  o.e.b.c.i.u.g.PublishedGradleVersions - Gradle version information cache is out-of-date. Trying to update.
2024-03-14 06:00:50,498 [Worker-8: Loading available Gradle versions] INFO  o.e.b.c.i.u.g.PublishedGradleVersions - Gradle version information cache is up-to-date. Trying to read.
2024-03-15 16:28:50,006 [Worker-4: Loading available Gradle versions] INFO  o.e.b.c.i.u.g.PublishedGradleVersions - Gradle version information cache is out-of-date. Trying to update.
2024-03-15 18:54:47,483 [Worker-9: Loading available Gradle versions] INFO  o.e.b.c.i.u.g.PublishedGradleVersions - Gradle version information cache is up-to-date. Trying to read.
2024-03-15 22:06:49,905 [Worker-5: Loading available Gradle versions] INFO  o.e.b.c.i.u.g.PublishedGradleVersions - Gradle version information cache is up-to-date. Trying to read.
2024-03-16 05:35:15,062 [Worker-6: Loading available Gradle versions] INFO  o.e.b.c.i.u.g.PublishedGradleVersions - Gradle version information cache is up-to-date. Trying to read.
2024-03-16 05:48:01,582 [Worker-4: Loading available Gradle versions] INFO  o.e.b.c.i.u.g.PublishedGradleVersions - Gradle version information cache is up-to-date. Trying to read.
2024-03-16 20:22:10,719 [Worker-6: Loading available Gradle versions] INFO  o.e.b.c.i.u.g.PublishedGradleVersions - Gradle version information cache is out-of-date. Trying to update.
